<?xml version="1.0" encoding="UTF-8"?>
<!-- Generated by org.testng.reporters.JUnitReportReporter -->
<testsuite hostname="DESKTOP-PGIJ00E" failures="0" tests="1" name="testCases.TC_001_AccountRegistrationTest" time="4.354" errors="0" timestamp="2023-06-01T18:06:32 MST" skipped="0">
  <testcase classname="testCases.TC_001_AccountRegistrationTest" name="Account_Registration_Test" time="4.354"/>
  <system-out/>
</testsuite> <!-- testCases.TC_001_AccountRegistrationTest -->
