<?xml version="1.0" encoding="UTF-8"?>
<!-- Generated by org.testng.reporters.JUnitReportReporter -->
<testsuite hostname="DESKTOP-PGIJ00E" failures="0" tests="5" name="testCases.TC_003_LoginDDTest" time="35.023" errors="0" timestamp="2023-06-01T14:20:34 MST" skipped="0">
  <testcase classname="testCases.TC_003_LoginDDTest" name="Login_DDT" time="10.796"/>
  <system-out/>
  <testcase classname="testCases.TC_003_LoginDDTest" name="Login_DDT" time="10.888"/>
  <system-out/>
  <testcase classname="testCases.TC_003_LoginDDTest" name="Login_DDT" time="1.334"/>
  <system-out/>
  <testcase classname="testCases.TC_003_LoginDDTest" name="Login_DDT" time="1.177"/>
  <system-out/>
  <testcase classname="testCases.TC_003_LoginDDTest" name="Login_DDT" time="10.828"/>
  <system-out/>
</testsuite> <!-- testCases.TC_003_LoginDDTest -->
