<?xml version="1.0" encoding="UTF-8"?>
<!-- Generated by org.testng.reporters.JUnitReportReporter -->
<testsuite hostname="DESKTOP-PGIJ00E" failures="0" tests="2" name="testCases.TC_002_LoginTest" time="4.134" errors="0" timestamp="2023-06-01T20:02:48 MST" skipped="0">
  <testcase classname="testCases.TC_002_LoginTest" name="Login_Test" time="2.216"/>
  <system-out/>
  <testcase classname="testCases.TC_002_LoginTest" name="Login_Test" time="1.918"/>
  <system-out/>
</testsuite> <!-- testCases.TC_002_LoginTest -->
