<?xml version="1.0" encoding="UTF-8"?>
<!-- Generated by org.testng.reporters.JUnitReportReporter -->
<testsuite hostname="DESKTOP-PGIJ00E" failures="0" tests="1" name="testCases.TC_001_AccountRegistrationTest" time="3.670" errors="0" timestamp="2023-06-05T05:24:07 MST" skipped="0">
  <testcase classname="testCases.TC_001_AccountRegistrationTest" name="Account_Registration_Test" time="3.670"/>
</testsuite> <!-- testCases.TC_001_AccountRegistrationTest -->
