<?xml version="1.0" encoding="UTF-8"?>
<!-- Generated by org.testng.reporters.JUnitReportReporter -->
<testsuite hostname="DESKTOP-PGIJ00E" failures="0" tests="1" name="testCases.TC_002_LoginTest" time="1.149" errors="0" timestamp="2023-06-05T05:24:07 MST" skipped="0">
  <testcase classname="testCases.TC_002_LoginTest" name="Login_Test" time="1.149"/>
</testsuite> <!-- testCases.TC_002_LoginTest -->
